<?xml version="1.0" encoding="UTF-8"?>
<!-- Generated by org.testng.reporters.JUnitXMLReporter -->
<testsuite hostname="LAPTOP-0QP8HI7K" ignored="0" name="Test" tests="1" failures="1" timestamp="22 Jan 2019 15:15:44 GMT" time="0.104" errors="0">
  <testcase name="validateApp" time="0.0" classname="climateformrise.Formrise">
    <failure type="org.testng.TestNGException" message="
Method public void climateformrise.Formrise.validateApp(java.lang.String) throws java.lang.Exception requires a @DataProvider named : test">
      <![CDATA[org.testng.TestNGException: 
Method public void climateformrise.Formrise.validateApp(java.lang.String) throws java.lang.Exception requires a @DataProvider named : test
... Removed 22 stack frames]]>
    </failure>
  </testcase> <!-- validateApp -->
</testsuite> <!-- Test -->
